<?xml version="1.0" encoding="UTF-8"?>
<!-- Generated by org.testng.reporters.JUnitXMLReporter -->
<testsuite ignored="0" hostname="LAPTOP-POGK2L6P" failures="2" tests="13" name="Elliot Systems Test" time="240.422" errors="0" timestamp="2024-10-23T20:52:02 IST">
  <testcase classname="com.ell.qa.testcases.HomePageTest" name="verifyHomePageTitleTest" time="0.024"/>
  <testcase classname="com.ell.qa.testcases.HomePageTest" name="verifyUserNameTest" time="0.03"/>
  <testcase classname="com.ell.qa.testcases.HomePageTest" name="verifyEmaPageTest" time="9.185">
    <failure type="org.openqa.selenium.NoSuchElementException" message="Unable to find element with locator By.cssSelector: div[id=&amp;apos;:r1l:&amp;apos;]
For documentation on this error, please visit: https://www.selenium.dev/documentation/webdriver/troubleshooting/errors#no-such-element-exception
Build info: version: &amp;apos;4.24.0&amp;apos;, revision: &amp;apos;748ffc9bc3&amp;apos;
System info: os.name: &amp;apos;Windows 11&amp;apos;, os.arch: &amp;apos;amd64&amp;apos;, os.version: &amp;apos;10.0&amp;apos;, java.version: &amp;apos;17.0.2&amp;apos;
Driver info: driver.version: RemoteWebDriver">
      <![CDATA[org.openqa.selenium.NoSuchElementException: Unable to find element with locator By.cssSelector: div[id=':r1l:']
For documentation on this error, please visit: https://www.selenium.dev/documentation/webdriver/troubleshooting/errors#no-such-element-exception
Build info: version: '4.24.0', revision: '748ffc9bc3'
System info: os.name: 'Windows 11', os.arch: 'amd64', os.version: '10.0', java.version: '17.0.2'
Driver info: driver.version: RemoteWebDriver
at org.openqa.selenium.remote.ElementLocation$ElementFinder$2.findElement(ElementLocation.java:168)
at org.openqa.selenium.remote.ElementLocation.findElement(ElementLocation.java:59)
at org.openqa.selenium.remote.RemoteWebDriver.findElement(RemoteWebDriver.java:368)
at org.openqa.selenium.remote.RemoteWebDriver.findElement(RemoteWebDriver.java:362)
at com.ell.qa.pages.HomePage.clickOnEmaPage(HomePage.java:59)
at com.ell.qa.testcases.HomePageTest.verifyEmaPageTest(HomePageTest.java:63)
at java.base/java.util.ArrayList.forEach(ArrayList.java:1511)
... Removed 27 stack frames]]>
    </failure>
  </testcase> <!-- verifyEmaPageTest -->
  <testcase classname="com.ell.qa.testcases.HomePageTest" name="verifyAllDeviceTest" time="23.932">
    <failure type="org.openqa.selenium.NoSuchElementException" message="Unable to find element with locator By.xpath: //li[normalize-space()=&amp;apos;All Devices&amp;apos;]
For documentation on this error, please visit: https://www.selenium.dev/documentation/webdriver/troubleshooting/errors#no-such-element-exception
Build info: version: &amp;apos;4.24.0&amp;apos;, revision: &amp;apos;748ffc9bc3&amp;apos;
System info: os.name: &amp;apos;Windows 11&amp;apos;, os.arch: &amp;apos;amd64&amp;apos;, os.version: &amp;apos;10.0&amp;apos;, java.version: &amp;apos;17.0.2&amp;apos;
Driver info: driver.version: RemoteWebDriver">
      <![CDATA[org.openqa.selenium.NoSuchElementException: Unable to find element with locator By.xpath: //li[normalize-space()='All Devices']
For documentation on this error, please visit: https://www.selenium.dev/documentation/webdriver/troubleshooting/errors#no-such-element-exception
Build info: version: '4.24.0', revision: '748ffc9bc3'
System info: os.name: 'Windows 11', os.arch: 'amd64', os.version: '10.0', java.version: '17.0.2'
Driver info: driver.version: RemoteWebDriver
at org.openqa.selenium.remote.ElementLocation$ElementFinder$2.findElement(ElementLocation.java:168)
at org.openqa.selenium.remote.ElementLocation.findElement(ElementLocation.java:59)
at org.openqa.selenium.remote.RemoteWebDriver.findElement(RemoteWebDriver.java:368)
at org.openqa.selenium.remote.RemoteWebDriver.findElement(RemoteWebDriver.java:362)
at org.openqa.selenium.support.pagefactory.DefaultElementLocator.findElement(DefaultElementLocator.java:68)
at org.openqa.selenium.support.pagefactory.internal.LocatingElementHandler.invoke(LocatingElementHandler.java:38)
at jdk.proxy2/jdk.proxy2.$Proxy13.click(Unknown Source)
at com.ell.qa.pages.HomePage.clickOnAllDevices(HomePage.java:70)
at com.ell.qa.testcases.HomePageTest.verifyAllDeviceTest(HomePageTest.java:68)
at java.base/java.util.ArrayList.forEach(ArrayList.java:1511)
... Removed 27 stack frames]]>
    </failure>
  </testcase> <!-- verifyAllDeviceTest -->
  <testcase classname="com.ell.qa.testcases.HomePageTest" name="verifyRealTimePageTest" time="3.093"/>
  <testcase classname="com.ell.qa.testcases.HomePageTest" name="verifyHistoricalPageTest" time="3.677"/>
  <testcase classname="com.ell.qa.testcases.HomePageTest" name="verifyNotificationPageTest" time="3.125"/>
  <testcase classname="com.ell.qa.testcases.HomePageTest" name="verifySettingsPageTest" time="3.303"/>
  <testcase classname="com.ell.qa.testcases.LoginPageTest" name="loginPageTitleTest" time="0.033"/>
  <testcase classname="com.ell.qa.testcases.LoginPageTest" name="ellLogoImageTest" time="0.049"/>
  <testcase classname="com.ell.qa.testcases.LoginPageTest" name="loginTest" time="3.424"/>
  <testcase classname="com.ell.qa.testcases.SettingsPageTest" name="verifySettingsPageTitleTest" time="0.011"/>
  <testcase classname="com.ell.qa.testcases.SettingsPageTest" name="validateNewAddUser" time="16.032"/>
</testsuite> <!-- Elliot Systems Test -->
