<?xml version="1.0" encoding="UTF-8"?>
<!-- Generated by org.testng.reporters.JUnitXMLReporter -->
<testsuite ignored="0" hostname="LAPTOP-POGK2L6P" failures="6" tests="12" name="Test" time="137.555" errors="0" timestamp="2024-10-22T09:39:41 IST">
  <testcase classname="com.ell.qa.testcases.HomePageTest" name="verifyHomePageTitleTest" time="0.029"/>
  <testcase classname="com.ell.qa.testcases.HomePageTest" name="verifyUserNameTest" time="1.311">
    <failure type="java.lang.AssertionError" message="expected [true] but found [false]">
      <![CDATA[java.lang.AssertionError: expected [true] but found [false]
at com.ell.qa.testcases.HomePageTest.verifyUserNameTest(HomePageTest.java:55)
at java.base/java.util.ArrayList.forEach(ArrayList.java:1511)
... Removed 31 stack frames]]>
    </failure>
  </testcase> <!-- verifyUserNameTest -->
  <testcase classname="com.ell.qa.testcases.HomePageTest" name="verifyEmaPageTest" time="25.439"/>
  <testcase classname="com.ell.qa.testcases.HomePageTest" name="verifyAllDeviceTest" time="15.205">
    <failure type="org.openqa.selenium.NoSuchElementException" message="Unable to find element with locator By.xpath: //li[@role=&amp;apos;option&amp;apos; and @data-value=&amp;apos;all&amp;apos;]
For documentation on this error, please visit: https://www.selenium.dev/documentation/webdriver/troubleshooting/errors#no-such-element-exception
Build info: version: &amp;apos;4.24.0&amp;apos;, revision: &amp;apos;748ffc9bc3&amp;apos;
System info: os.name: &amp;apos;Windows 11&amp;apos;, os.arch: &amp;apos;amd64&amp;apos;, os.version: &amp;apos;10.0&amp;apos;, java.version: &amp;apos;17.0.2&amp;apos;
Driver info: driver.version: RemoteWebDriver">
      <![CDATA[org.openqa.selenium.NoSuchElementException: Unable to find element with locator By.xpath: //li[@role='option' and @data-value='all']
For documentation on this error, please visit: https://www.selenium.dev/documentation/webdriver/troubleshooting/errors#no-such-element-exception
Build info: version: '4.24.0', revision: '748ffc9bc3'
System info: os.name: 'Windows 11', os.arch: 'amd64', os.version: '10.0', java.version: '17.0.2'
Driver info: driver.version: RemoteWebDriver
at org.openqa.selenium.remote.ElementLocation$ElementFinder$2.findElement(ElementLocation.java:168)
at org.openqa.selenium.remote.ElementLocation.findElement(ElementLocation.java:59)
at org.openqa.selenium.remote.RemoteWebDriver.findElement(RemoteWebDriver.java:368)
at org.openqa.selenium.remote.RemoteWebDriver.findElement(RemoteWebDriver.java:362)
at org.openqa.selenium.support.pagefactory.DefaultElementLocator.findElement(DefaultElementLocator.java:68)
at org.openqa.selenium.support.pagefactory.internal.LocatingElementHandler.invoke(LocatingElementHandler.java:38)
at jdk.proxy2/jdk.proxy2.$Proxy12.click(Unknown Source)
at com.ell.qa.pages.HomePage.clickOnAllDevices(HomePage.java:53)
at com.ell.qa.testcases.HomePageTest.verifyAllDeviceTest(HomePageTest.java:68)
at java.base/java.util.ArrayList.forEach(ArrayList.java:1511)
... Removed 27 stack frames]]>
    </failure>
  </testcase> <!-- verifyAllDeviceTest -->
  <testcase classname="com.ell.qa.testcases.HomePageTest" name="verifyRealTimePageTest" time="2.962"/>
  <testcase classname="com.ell.qa.testcases.HomePageTest" name="verifyHistoricalPageTest" time="2.923"/>
  <testcase classname="com.ell.qa.testcases.LoginPageTest" name="loginPageTitleTest" time="0.033"/>
  <testcase classname="com.ell.qa.testcases.LoginPageTest" name="ellLogoImageTest" time="0.043">
    <failure type="java.lang.AssertionError" message="expected [true] but found [false]">
      <![CDATA[java.lang.AssertionError: expected [true] but found [false]
at com.ell.qa.testcases.LoginPageTest.ellLogoImageTest(LoginPageTest.java:40)
at java.base/java.util.ArrayList.forEach(ArrayList.java:1511)
... Removed 31 stack frames]]>
    </failure>
  </testcase> <!-- ellLogoImageTest -->
  <testcase classname="com.ell.qa.testcases.LoginPageTest" name="loginTest" time="0.418"/>
  <testcase classname="com.ell.qa.testcases.SignUpPageTest" name="verifySignUpPageTitleTest" time="0.014">
    <failure type="java.lang.NullPointerException" message="Cannot invoke &amp;quot;com.ell.qa.pages.SignUpPage.verifySignUpPageTitle()&amp;quot; because &amp;quot;this.signUpPage&amp;quot; is null">
      <![CDATA[java.lang.NullPointerException: Cannot invoke "com.ell.qa.pages.SignUpPage.verifySignUpPageTitle()" because "this.signUpPage" is null
at com.ell.qa.testcases.SignUpPageTest.verifySignUpPageTitleTest(SignUpPageTest.java:36)
at java.base/java.util.ArrayList.forEach(ArrayList.java:1511)
... Removed 27 stack frames]]>
    </failure>
  </testcase> <!-- verifySignUpPageTitleTest -->
  <testcase classname="com.ell.qa.testcases.SignUpPageTest" name="verifyNotificationPageTest" time="0.001">
    <failure type="java.lang.NullPointerException" message="Cannot invoke &amp;quot;com.ell.qa.pages.SignUpPage.clickOnNotificationPage()&amp;quot; because &amp;quot;this.signUpPage&amp;quot; is null">
      <![CDATA[java.lang.NullPointerException: Cannot invoke "com.ell.qa.pages.SignUpPage.clickOnNotificationPage()" because "this.signUpPage" is null
at com.ell.qa.testcases.SignUpPageTest.verifyNotificationPageTest(SignUpPageTest.java:43)
at java.base/java.util.ArrayList.forEach(ArrayList.java:1511)
... Removed 27 stack frames]]>
    </failure>
  </testcase> <!-- verifyNotificationPageTest -->
  <testcase classname="com.ell.qa.testcases.SignUpPageTest" name="verifySettingsPageTest" time="0.0">
    <failure type="java.lang.NullPointerException" message="Cannot invoke &amp;quot;com.ell.qa.pages.SignUpPage.clickOnSettingsPage()&amp;quot; because &amp;quot;this.signUpPage&amp;quot; is null">
      <![CDATA[java.lang.NullPointerException: Cannot invoke "com.ell.qa.pages.SignUpPage.clickOnSettingsPage()" because "this.signUpPage" is null
at com.ell.qa.testcases.SignUpPageTest.verifySettingsPageTest(SignUpPageTest.java:49)
at java.base/java.util.ArrayList.forEach(ArrayList.java:1511)
... Removed 27 stack frames]]>
    </failure>
  </testcase> <!-- verifySettingsPageTest -->
</testsuite> <!-- Test -->
