<!DOCTYPE html PUBLIC "-//W3C//DTD XHTML 1.1//EN" "https://www.w3.org/TR/xhtml11/DTD/xhtml11.dtd">
<html xmlns="https://www.w3.org/1999/xhtml">
<head>
<meta http-equiv="content-type" content="text/html; charset=UTF-8"/>
<title>TestNG Report</title>
<style type="text/css">table {margin-bottom:10px;border-collapse:collapse;empty-cells:show}th,td {border:1px solid #009;padding:.25em .5em}th {vertical-align:bottom}td {vertical-align:top}table a {font-weight:bold}.stripe td {background-color: #E6EBF9}.num {text-align:right}.passedodd td {background-color: #3F3}.passedeven td {background-color: #0A0}.skippedodd td {background-color: #DDD}.skippedeven td {background-color: #CCC}.failedodd td,.attn {background-color: #F33}.failedeven td,.stripe .attn {background-color: #D00}.stacktrace {white-space:pre;font-family:monospace}.totop {font-size:85%;text-align:center;border-bottom:2px solid #000}.invisible {display:none}</style>
</head>
<body>
<table>
<tr><th>Test</th><th># Passed</th><th># Skipped</th><th># Retried</th><th># Failed</th><th>Time (ms)</th><th>Included Groups</th><th>Excluded Groups</th></tr>
<tr><th colspan="8">Elliot Systems Pvt Ltd Application Test Automation Test Suite</th></tr>
<tr><td><a href="#t0">Elliot Systems Test</a></td><td class="num">11</td><td class="num">0</td><td class="num">0</td><td class="num attn">2</td><td class="num">240,422</td><td></td><td></td></tr>
</table>
<table id='summary'><thead><tr><th>Class</th><th>Method</th><th>Start</th><th>Time (ms)</th></tr></thead><tbody><tr><th colspan="4">Elliot Systems Pvt Ltd Application Test Automation Test Suite</th></tr></tbody><tbody id="t0"><tr><th colspan="4">Elliot Systems Test &#8212; failed</th></tr><tr class="failedeven"><td rowspan="2">com.ell.qa.testcases.HomePageTest</td><td><a href="#m0">verifyAllDeviceTest</a></td><td rowspan="1">1729696750683</td><td rowspan="1">23932</td></tr><tr class="failedeven"><td><a href="#m1">verifyEmaPageTest</a></td><td rowspan="1">1729696725599</td><td rowspan="1">9185</td></tr><tr><th colspan="4">Elliot Systems Test &#8212; passed</th></tr><tr class="passedeven"><td rowspan="6">com.ell.qa.testcases.HomePageTest</td><td><a href="#m2">verifyHistoricalPageTest</a></td><td rowspan="1">1729696804652</td><td rowspan="1">3677</td></tr><tr class="passedeven"><td><a href="#m3">verifyHomePageTitleTest</a></td><td rowspan="1">1729696698662</td><td rowspan="1">24</td></tr><tr class="passedeven"><td><a href="#m4">verifyNotificationPageTest</a></td><td rowspan="1">1729696824569</td><td rowspan="1">3125</td></tr><tr class="passedeven"><td><a href="#m5">verifyRealTimePageTest</a></td><td rowspan="1">1729696789614</td><td rowspan="1">3093</td></tr><tr class="passedeven"><td><a href="#m6">verifySettingsPageTest</a></td><td rowspan="1">1729696853433</td><td rowspan="1">3303</td></tr><tr class="passedeven"><td><a href="#m7">verifyUserNameTest</a></td><td rowspan="1">1729696713558</td><td rowspan="1">30</td></tr><tr class="passedodd"><td rowspan="3">com.ell.qa.testcases.LoginPageTest</td><td><a href="#m8">ellLogoImageTest</a></td><td rowspan="1">1729696879427</td><td rowspan="1">49</td></tr><tr class="passedodd"><td><a href="#m9">loginPageTitleTest</a></td><td rowspan="1">1729696869563</td><td rowspan="1">33</td></tr><tr class="passedodd"><td><a href="#m10">loginTest</a></td><td rowspan="1">1729696884323</td><td rowspan="1">3424</td></tr><tr class="passedeven"><td rowspan="2">com.ell.qa.testcases.SettingsPageTest</td><td><a href="#m11">validateNewAddUser</a></td><td rowspan="1">1729696906268</td><td rowspan="1">16032</td></tr><tr class="passedeven"><td><a href="#m12">verifySettingsPageTitleTest</a></td><td rowspan="1">1729696896111</td><td rowspan="1">11</td></tr></tbody>
</table>
<h2>Elliot Systems Test</h2><h3 id="m0">com.ell.qa.testcases.HomePageTest#verifyAllDeviceTest</h3><table class="result"><tr><th>Exception</th></tr><tr><td><div class="stacktrace">org.openqa.selenium.NoSuchElementException: Unable to find element with locator By.xpath: //li[normalize-space()=&apos;All Devices&apos;]
For documentation on this error, please visit: https://www.selenium.dev/documentation/webdriver/troubleshooting/errors#no-such-element-exception
Build info: version: &apos;4.24.0&apos;, revision: &apos;748ffc9bc3&apos;
System info: os.name: &apos;Windows 11&apos;, os.arch: &apos;amd64&apos;, os.version: &apos;10.0&apos;, java.version: &apos;17.0.2&apos;
Driver info: driver.version: RemoteWebDriver
	at org.openqa.selenium.remote.ElementLocation$ElementFinder$2.findElement(ElementLocation.java:168)
	at org.openqa.selenium.remote.ElementLocation.findElement(ElementLocation.java:59)
	at org.openqa.selenium.remote.RemoteWebDriver.findElement(RemoteWebDriver.java:368)
	at org.openqa.selenium.remote.RemoteWebDriver.findElement(RemoteWebDriver.java:362)
	at org.openqa.selenium.support.pagefactory.DefaultElementLocator.findElement(DefaultElementLocator.java:68)
	at org.openqa.selenium.support.pagefactory.internal.LocatingElementHandler.invoke(LocatingElementHandler.java:38)
	at jdk.proxy2/jdk.proxy2.$Proxy13.click(Unknown Source)
	at com.ell.qa.pages.HomePage.clickOnAllDevices(HomePage.java:70)
	at com.ell.qa.testcases.HomePageTest.verifyAllDeviceTest(HomePageTest.java:68)
	at java.base/java.util.ArrayList.forEach(ArrayList.java:1511)
... Removed 27 stack frames</div></td></tr></table><p class="totop"><a href="#summary">back to summary</a></p>
<h3 id="m1">com.ell.qa.testcases.HomePageTest#verifyEmaPageTest</h3><table class="result"><tr><th>Exception</th></tr><tr><td><div class="stacktrace">org.openqa.selenium.NoSuchElementException: Unable to find element with locator By.cssSelector: div[id=&apos;:r1l:&apos;]
For documentation on this error, please visit: https://www.selenium.dev/documentation/webdriver/troubleshooting/errors#no-such-element-exception
Build info: version: &apos;4.24.0&apos;, revision: &apos;748ffc9bc3&apos;
System info: os.name: &apos;Windows 11&apos;, os.arch: &apos;amd64&apos;, os.version: &apos;10.0&apos;, java.version: &apos;17.0.2&apos;
Driver info: driver.version: RemoteWebDriver
	at org.openqa.selenium.remote.ElementLocation$ElementFinder$2.findElement(ElementLocation.java:168)
	at org.openqa.selenium.remote.ElementLocation.findElement(ElementLocation.java:59)
	at org.openqa.selenium.remote.RemoteWebDriver.findElement(RemoteWebDriver.java:368)
	at org.openqa.selenium.remote.RemoteWebDriver.findElement(RemoteWebDriver.java:362)
	at com.ell.qa.pages.HomePage.clickOnEmaPage(HomePage.java:59)
	at com.ell.qa.testcases.HomePageTest.verifyEmaPageTest(HomePageTest.java:63)
	at java.base/java.util.ArrayList.forEach(ArrayList.java:1511)
... Removed 27 stack frames</div></td></tr></table><p class="totop"><a href="#summary">back to summary</a></p>
<h3 id="m2">com.ell.qa.testcases.HomePageTest#verifyHistoricalPageTest</h3><table class="result"><tr><th class="invisible"/></tr></table><p class="totop"><a href="#summary">back to summary</a></p>
<h3 id="m3">com.ell.qa.testcases.HomePageTest#verifyHomePageTitleTest</h3><table class="result"><tr><th class="invisible"/></tr></table><p class="totop"><a href="#summary">back to summary</a></p>
<h3 id="m4">com.ell.qa.testcases.HomePageTest#verifyNotificationPageTest</h3><table class="result"><tr><th class="invisible"/></tr></table><p class="totop"><a href="#summary">back to summary</a></p>
<h3 id="m5">com.ell.qa.testcases.HomePageTest#verifyRealTimePageTest</h3><table class="result"><tr><th class="invisible"/></tr></table><p class="totop"><a href="#summary">back to summary</a></p>
<h3 id="m6">com.ell.qa.testcases.HomePageTest#verifySettingsPageTest</h3><table class="result"><tr><th class="invisible"/></tr></table><p class="totop"><a href="#summary">back to summary</a></p>
<h3 id="m7">com.ell.qa.testcases.HomePageTest#verifyUserNameTest</h3><table class="result"><tr><th class="invisible"/></tr></table><p class="totop"><a href="#summary">back to summary</a></p>
<h3 id="m8">com.ell.qa.testcases.LoginPageTest#ellLogoImageTest</h3><table class="result"><tr><th class="invisible"/></tr></table><p class="totop"><a href="#summary">back to summary</a></p>
<h3 id="m9">com.ell.qa.testcases.LoginPageTest#loginPageTitleTest</h3><table class="result"><tr><th class="invisible"/></tr></table><p class="totop"><a href="#summary">back to summary</a></p>
<h3 id="m10">com.ell.qa.testcases.LoginPageTest#loginTest</h3><table class="result"><tr><th class="invisible"/></tr></table><p class="totop"><a href="#summary">back to summary</a></p>
<h3 id="m11">com.ell.qa.testcases.SettingsPageTest#validateNewAddUser</h3><table class="result"><tr><th class="invisible"/></tr></table><p class="totop"><a href="#summary">back to summary</a></p>
<h3 id="m12">com.ell.qa.testcases.SettingsPageTest#verifySettingsPageTitleTest</h3><table class="result"><tr><th class="invisible"/></tr></table><p class="totop"><a href="#summary">back to summary</a></p>
</body>
</html>
