<!DOCTYPE html>

<html>
  <head>
  <meta charset='utf-8'>
  <title>TestNG reports</title>

    <link type="text/css" href="testng-reports1.css" rel="stylesheet" id="ultra" />
    <link type="text/css" href="testng-reports.css" rel="stylesheet" id="retro" disabled="false"/>
    <script type="text/javascript" src="jquery-3.6.0.min.js"></script>
    <script type="text/javascript" src="testng-reports.js"></script>
    <script type="text/javascript" src="https://www.google.com/jsapi"></script>
    <script type='text/javascript'>
      google.load('visualization', '1', {packages:['table']});
      google.setOnLoadCallback(drawTable);
      var suiteTableInitFunctions = new Array();
      var suiteTableData = new Array();
    </script>
    <!--
      <script type="text/javascript" src="jquery-ui/js/jquery-ui-1.8.16.custom.min.js"></script>
     -->
  </head>

  <body>    <div class="top-banner-root">
      <span class="top-banner-title-font">Test results</span>
      <button id="button" class="button">Switch Retro Theme</button> <!-- button -->
      <br/>
      <span class="top-banner-font-1">1 suite, 2 failed tests</span>
    </div> <!-- top-banner-root -->
    <div class="navigator-root">
      <div class="navigator-suite-header">
        <span>All suites</span>
        <a href="#" title="Collapse/expand all the suites" class="collapse-all-link">
          <img src="collapseall.gif" class="collapse-all-icon">
          </img> <!-- collapse-all-icon -->
        </a> <!-- collapse-all-link -->
      </div> <!-- navigator-suite-header -->
      <div class="suite">
        <div class="rounded-window">
          <div class="suite-header light-rounded-window-top">
            <a href="#" panel-name="suite-Elliot_Systems_Pvt_Ltd_Application_Test_Automation_Test_Suite" class="navigator-link">
              <span class="suite-name border-failed">Elliot Systems Pvt Ltd Application Test Automation Test Suite</span>
            </a> <!-- navigator-link -->
          </div> <!-- suite-header light-rounded-window-top -->
          <div class="navigator-suite-content">
            <div class="suite-section-title">
              <span>Info</span>
            </div> <!-- suite-section-title -->
            <div class="suite-section-content">
              <ul>
                <li>
                  <a href="#" panel-name="test-xml-Elliot_Systems_Pvt_Ltd_Application_Test_Automation_Test_Suite" class="navigator-link ">
                    <span>C:\Users\Saura\eclipse-workspace\FreeEllTest\testng.xml</span>
                  </a> <!-- navigator-link  -->
                </li>
                <li>
                  <a href="#" panel-name="testlist-Elliot_Systems_Pvt_Ltd_Application_Test_Automation_Test_Suite" class="navigator-link ">
                    <span class="test-stats">1 test</span>
                  </a> <!-- navigator-link  -->
                </li>
                <li>
                  <a href="#" panel-name="group-Elliot_Systems_Pvt_Ltd_Application_Test_Automation_Test_Suite" class="navigator-link ">
                    <span>0 groups</span>
                  </a> <!-- navigator-link  -->
                </li>
                <li>
                  <a href="#" panel-name="times-Elliot_Systems_Pvt_Ltd_Application_Test_Automation_Test_Suite" class="navigator-link ">
                    <span>Times</span>
                  </a> <!-- navigator-link  -->
                </li>
                <li>
                  <a href="#" panel-name="reporter-Elliot_Systems_Pvt_Ltd_Application_Test_Automation_Test_Suite" class="navigator-link ">
                    <span>Reporter output</span>
                  </a> <!-- navigator-link  -->
                </li>
                <li>
                  <a href="#" panel-name="ignored-methods-Elliot_Systems_Pvt_Ltd_Application_Test_Automation_Test_Suite" class="navigator-link ">
                    <span>Ignored methods</span>
                  </a> <!-- navigator-link  -->
                </li>
                <li>
                  <a href="#" panel-name="chronological-Elliot_Systems_Pvt_Ltd_Application_Test_Automation_Test_Suite" class="navigator-link ">
                    <span>Chronological view</span>
                  </a> <!-- navigator-link  -->
                </li>
              </ul>
            </div> <!-- suite-section-content -->
            <div class="result-section">
              <div class="suite-section-title">
                <span>Results</span>
              </div> <!-- suite-section-title -->
              <div class="suite-section-content">
                <ul>
                  <li>
                    <span class="method-stats">13 methods, 2 failed,   11 passed</span>
                  </li>
                  <li>
                    <span class="method-list-title failed">Failed methods</span>
                    <span class="show-or-hide-methods failed">
                      <a href="#" panel-name="suite-Elliot_Systems_Pvt_Ltd_Application_Test_Automation_Test_Suite" class="hide-methods failed suite-Elliot_Systems_Pvt_Ltd_Application_Test_Automation_Test_Suite"> (hide)</a> <!-- hide-methods failed suite-Elliot_Systems_Pvt_Ltd_Application_Test_Automation_Test_Suite -->
                      <a href="#" panel-name="suite-Elliot_Systems_Pvt_Ltd_Application_Test_Automation_Test_Suite" class="show-methods failed suite-Elliot_Systems_Pvt_Ltd_Application_Test_Automation_Test_Suite"> (show)</a> <!-- show-methods failed suite-Elliot_Systems_Pvt_Ltd_Application_Test_Automation_Test_Suite -->
                    </span>
                    <div class="method-list-content failed suite-Elliot_Systems_Pvt_Ltd_Application_Test_Automation_Test_Suite">
                      <span>
                        <img src="failed.png" width="3%"/>
                        <a href="#" panel-name="suite-Elliot_Systems_Pvt_Ltd_Application_Test_Automation_Test_Suite" title="com.ell.qa.testcases.HomePageTest" class="method navigator-link" hash-for-method="verifyAllDeviceTest">verifyAllDeviceTest</a> <!-- method navigator-link -->
                      </span>
                      <br/>
                      <span>
                        <img src="failed.png" width="3%"/>
                        <a href="#" panel-name="suite-Elliot_Systems_Pvt_Ltd_Application_Test_Automation_Test_Suite" title="com.ell.qa.testcases.HomePageTest" class="method navigator-link" hash-for-method="verifyEmaPageTest">verifyEmaPageTest</a> <!-- method navigator-link -->
                      </span>
                      <br/>
                    </div> <!-- method-list-content failed suite-Elliot_Systems_Pvt_Ltd_Application_Test_Automation_Test_Suite -->
                  </li>
                  <li>
                    <span class="method-list-title passed">Passed methods</span>
                    <span class="show-or-hide-methods passed">
                      <a href="#" panel-name="suite-Elliot_Systems_Pvt_Ltd_Application_Test_Automation_Test_Suite" class="hide-methods passed suite-Elliot_Systems_Pvt_Ltd_Application_Test_Automation_Test_Suite"> (hide)</a> <!-- hide-methods passed suite-Elliot_Systems_Pvt_Ltd_Application_Test_Automation_Test_Suite -->
                      <a href="#" panel-name="suite-Elliot_Systems_Pvt_Ltd_Application_Test_Automation_Test_Suite" class="show-methods passed suite-Elliot_Systems_Pvt_Ltd_Application_Test_Automation_Test_Suite"> (show)</a> <!-- show-methods passed suite-Elliot_Systems_Pvt_Ltd_Application_Test_Automation_Test_Suite -->
                    </span>
                    <div class="method-list-content passed suite-Elliot_Systems_Pvt_Ltd_Application_Test_Automation_Test_Suite">
                      <span>
                        <img src="passed.png" width="3%"/>
                        <a href="#" panel-name="suite-Elliot_Systems_Pvt_Ltd_Application_Test_Automation_Test_Suite" title="com.ell.qa.testcases.LoginPageTest" class="method navigator-link" hash-for-method="ellLogoImageTest">ellLogoImageTest</a> <!-- method navigator-link -->
                      </span>
                      <br/>
                      <span>
                        <img src="passed.png" width="3%"/>
                        <a href="#" panel-name="suite-Elliot_Systems_Pvt_Ltd_Application_Test_Automation_Test_Suite" title="com.ell.qa.testcases.LoginPageTest" class="method navigator-link" hash-for-method="loginPageTitleTest">loginPageTitleTest</a> <!-- method navigator-link -->
                      </span>
                      <br/>
                      <span>
                        <img src="passed.png" width="3%"/>
                        <a href="#" panel-name="suite-Elliot_Systems_Pvt_Ltd_Application_Test_Automation_Test_Suite" title="com.ell.qa.testcases.LoginPageTest" class="method navigator-link" hash-for-method="loginTest">loginTest</a> <!-- method navigator-link -->
                      </span>
                      <br/>
                      <span>
                        <img src="passed.png" width="3%"/>
                        <a href="#" panel-name="suite-Elliot_Systems_Pvt_Ltd_Application_Test_Automation_Test_Suite" title="com.ell.qa.testcases.SettingsPageTest" class="method navigator-link" hash-for-method="validateNewAddUser">validateNewAddUser</a> <!-- method navigator-link -->
                      </span>
                      <br/>
                      <span>
                        <img src="passed.png" width="3%"/>
                        <a href="#" panel-name="suite-Elliot_Systems_Pvt_Ltd_Application_Test_Automation_Test_Suite" title="com.ell.qa.testcases.HomePageTest" class="method navigator-link" hash-for-method="verifyHistoricalPageTest">verifyHistoricalPageTest</a> <!-- method navigator-link -->
                      </span>
                      <br/>
                      <span>
                        <img src="passed.png" width="3%"/>
                        <a href="#" panel-name="suite-Elliot_Systems_Pvt_Ltd_Application_Test_Automation_Test_Suite" title="com.ell.qa.testcases.HomePageTest" class="method navigator-link" hash-for-method="verifyHomePageTitleTest">verifyHomePageTitleTest</a> <!-- method navigator-link -->
                      </span>
                      <br/>
                      <span>
                        <img src="passed.png" width="3%"/>
                        <a href="#" panel-name="suite-Elliot_Systems_Pvt_Ltd_Application_Test_Automation_Test_Suite" title="com.ell.qa.testcases.HomePageTest" class="method navigator-link" hash-for-method="verifyNotificationPageTest">verifyNotificationPageTest</a> <!-- method navigator-link -->
                      </span>
                      <br/>
                      <span>
                        <img src="passed.png" width="3%"/>
                        <a href="#" panel-name="suite-Elliot_Systems_Pvt_Ltd_Application_Test_Automation_Test_Suite" title="com.ell.qa.testcases.HomePageTest" class="method navigator-link" hash-for-method="verifyRealTimePageTest">verifyRealTimePageTest</a> <!-- method navigator-link -->
                      </span>
                      <br/>
                      <span>
                        <img src="passed.png" width="3%"/>
                        <a href="#" panel-name="suite-Elliot_Systems_Pvt_Ltd_Application_Test_Automation_Test_Suite" title="com.ell.qa.testcases.HomePageTest" class="method navigator-link" hash-for-method="verifySettingsPageTest">verifySettingsPageTest</a> <!-- method navigator-link -->
                      </span>
                      <br/>
                      <span>
                        <img src="passed.png" width="3%"/>
                        <a href="#" panel-name="suite-Elliot_Systems_Pvt_Ltd_Application_Test_Automation_Test_Suite" title="com.ell.qa.testcases.SettingsPageTest" class="method navigator-link" hash-for-method="verifySettingsPageTitleTest">verifySettingsPageTitleTest</a> <!-- method navigator-link -->
                      </span>
                      <br/>
                      <span>
                        <img src="passed.png" width="3%"/>
                        <a href="#" panel-name="suite-Elliot_Systems_Pvt_Ltd_Application_Test_Automation_Test_Suite" title="com.ell.qa.testcases.HomePageTest" class="method navigator-link" hash-for-method="verifyUserNameTest">verifyUserNameTest</a> <!-- method navigator-link -->
                      </span>
                      <br/>
                    </div> <!-- method-list-content passed suite-Elliot_Systems_Pvt_Ltd_Application_Test_Automation_Test_Suite -->
                  </li>
                </ul>
              </div> <!-- suite-section-content -->
            </div> <!-- result-section -->
          </div> <!-- navigator-suite-content -->
        </div> <!-- rounded-window -->
      </div> <!-- suite -->
    </div> <!-- navigator-root -->
    <div class="wrapper">
      <div class="main-panel-root">
        <div panel-name="suite-Elliot_Systems_Pvt_Ltd_Application_Test_Automation_Test_Suite" class="panel Elliot_Systems_Pvt_Ltd_Application_Test_Automation_Test_Suite">
          <div class="suite-Elliot_Systems_Pvt_Ltd_Application_Test_Automation_Test_Suite-class-failed">
            <div class="main-panel-header rounded-window-top">
              <img src="failed.png"/>
              <span class="class-name">com.ell.qa.testcases.HomePageTest</span>
            </div> <!-- main-panel-header rounded-window-top -->
            <div class="main-panel-content rounded-window-bottom">
              <div class="method">
                <div class="method-content">
                  <a name="verifyAllDeviceTest">
                  </a> <!-- verifyAllDeviceTest -->
                  <span class="method-name">verifyAllDeviceTest</span>
                  <div class="stack-trace">org.openqa.selenium.NoSuchElementException: Unable to find element with locator By.xpath: //li[normalize-space()=&apos;All Devices&apos;]
For documentation on this error, please visit: https://www.selenium.dev/documentation/webdriver/troubleshooting/errors#no-such-element-exception
Build info: version: &apos;4.24.0&apos;, revision: &apos;748ffc9bc3&apos;
System info: os.name: &apos;Windows 11&apos;, os.arch: &apos;amd64&apos;, os.version: &apos;10.0&apos;, java.version: &apos;17.0.2&apos;
Driver info: driver.version: RemoteWebDriver
	at org.openqa.selenium.remote.ElementLocation$ElementFinder$2.findElement(ElementLocation.java:168)
	at org.openqa.selenium.remote.ElementLocation.findElement(ElementLocation.java:59)
	at org.openqa.selenium.remote.RemoteWebDriver.findElement(RemoteWebDriver.java:368)
	at org.openqa.selenium.remote.RemoteWebDriver.findElement(RemoteWebDriver.java:362)
	at org.openqa.selenium.support.pagefactory.DefaultElementLocator.findElement(DefaultElementLocator.java:68)
	at org.openqa.selenium.support.pagefactory.internal.LocatingElementHandler.invoke(LocatingElementHandler.java:38)
	at jdk.proxy2/jdk.proxy2.$Proxy13.click(Unknown Source)
	at com.ell.qa.pages.HomePage.clickOnAllDevices(HomePage.java:70)
	at com.ell.qa.testcases.HomePageTest.verifyAllDeviceTest(HomePageTest.java:68)
	at java.base/java.util.ArrayList.forEach(ArrayList.java:1511)
... Removed 27 stack frames
</div> <!-- stack-trace -->
                </div> <!-- method-content -->
              </div> <!-- method -->
              <div class="method">
                <div class="method-content">
                  <a name="verifyEmaPageTest">
                  </a> <!-- verifyEmaPageTest -->
                  <span class="method-name">verifyEmaPageTest</span>
                  <div class="stack-trace">org.openqa.selenium.NoSuchElementException: Unable to find element with locator By.cssSelector: div[id=&apos;:r1l:&apos;]
For documentation on this error, please visit: https://www.selenium.dev/documentation/webdriver/troubleshooting/errors#no-such-element-exception
Build info: version: &apos;4.24.0&apos;, revision: &apos;748ffc9bc3&apos;
System info: os.name: &apos;Windows 11&apos;, os.arch: &apos;amd64&apos;, os.version: &apos;10.0&apos;, java.version: &apos;17.0.2&apos;
Driver info: driver.version: RemoteWebDriver
	at org.openqa.selenium.remote.ElementLocation$ElementFinder$2.findElement(ElementLocation.java:168)
	at org.openqa.selenium.remote.ElementLocation.findElement(ElementLocation.java:59)
	at org.openqa.selenium.remote.RemoteWebDriver.findElement(RemoteWebDriver.java:368)
	at org.openqa.selenium.remote.RemoteWebDriver.findElement(RemoteWebDriver.java:362)
	at com.ell.qa.pages.HomePage.clickOnEmaPage(HomePage.java:59)
	at com.ell.qa.testcases.HomePageTest.verifyEmaPageTest(HomePageTest.java:63)
	at java.base/java.util.ArrayList.forEach(ArrayList.java:1511)
... Removed 27 stack frames
</div> <!-- stack-trace -->
                </div> <!-- method-content -->
              </div> <!-- method -->
            </div> <!-- main-panel-content rounded-window-bottom -->
          </div> <!-- suite-Elliot_Systems_Pvt_Ltd_Application_Test_Automation_Test_Suite-class-failed -->
          <div class="suite-Elliot_Systems_Pvt_Ltd_Application_Test_Automation_Test_Suite-class-passed">
            <div class="main-panel-header rounded-window-top">
              <img src="passed.png"/>
              <span class="class-name">com.ell.qa.testcases.HomePageTest</span>
            </div> <!-- main-panel-header rounded-window-top -->
            <div class="main-panel-content rounded-window-bottom">
              <div class="method">
                <div class="method-content">
                  <a name="verifyHistoricalPageTest">
                  </a> <!-- verifyHistoricalPageTest -->
                  <span class="method-name">verifyHistoricalPageTest</span>
                </div> <!-- method-content -->
              </div> <!-- method -->
              <div class="method">
                <div class="method-content">
                  <a name="verifyHomePageTitleTest">
                  </a> <!-- verifyHomePageTitleTest -->
                  <span class="method-name">verifyHomePageTitleTest</span>
                </div> <!-- method-content -->
              </div> <!-- method -->
              <div class="method">
                <div class="method-content">
                  <a name="verifyNotificationPageTest">
                  </a> <!-- verifyNotificationPageTest -->
                  <span class="method-name">verifyNotificationPageTest</span>
                </div> <!-- method-content -->
              </div> <!-- method -->
              <div class="method">
                <div class="method-content">
                  <a name="verifyRealTimePageTest">
                  </a> <!-- verifyRealTimePageTest -->
                  <span class="method-name">verifyRealTimePageTest</span>
                </div> <!-- method-content -->
              </div> <!-- method -->
              <div class="method">
                <div class="method-content">
                  <a name="verifySettingsPageTest">
                  </a> <!-- verifySettingsPageTest -->
                  <span class="method-name">verifySettingsPageTest</span>
                </div> <!-- method-content -->
              </div> <!-- method -->
              <div class="method">
                <div class="method-content">
                  <a name="verifyUserNameTest">
                  </a> <!-- verifyUserNameTest -->
                  <span class="method-name">verifyUserNameTest</span>
                </div> <!-- method-content -->
              </div> <!-- method -->
            </div> <!-- main-panel-content rounded-window-bottom -->
          </div> <!-- suite-Elliot_Systems_Pvt_Ltd_Application_Test_Automation_Test_Suite-class-passed -->
          <div class="suite-Elliot_Systems_Pvt_Ltd_Application_Test_Automation_Test_Suite-class-passed">
            <div class="main-panel-header rounded-window-top">
              <img src="passed.png"/>
              <span class="class-name">com.ell.qa.testcases.SettingsPageTest</span>
            </div> <!-- main-panel-header rounded-window-top -->
            <div class="main-panel-content rounded-window-bottom">
              <div class="method">
                <div class="method-content">
                  <a name="validateNewAddUser">
                  </a> <!-- validateNewAddUser -->
                  <span class="method-name">validateNewAddUser</span>
                </div> <!-- method-content -->
              </div> <!-- method -->
              <div class="method">
                <div class="method-content">
                  <a name="verifySettingsPageTitleTest">
                  </a> <!-- verifySettingsPageTitleTest -->
                  <span class="method-name">verifySettingsPageTitleTest</span>
                </div> <!-- method-content -->
              </div> <!-- method -->
            </div> <!-- main-panel-content rounded-window-bottom -->
          </div> <!-- suite-Elliot_Systems_Pvt_Ltd_Application_Test_Automation_Test_Suite-class-passed -->
          <div class="suite-Elliot_Systems_Pvt_Ltd_Application_Test_Automation_Test_Suite-class-passed">
            <div class="main-panel-header rounded-window-top">
              <img src="passed.png"/>
              <span class="class-name">com.ell.qa.testcases.LoginPageTest</span>
            </div> <!-- main-panel-header rounded-window-top -->
            <div class="main-panel-content rounded-window-bottom">
              <div class="method">
                <div class="method-content">
                  <a name="ellLogoImageTest">
                  </a> <!-- ellLogoImageTest -->
                  <span class="method-name">ellLogoImageTest</span>
                </div> <!-- method-content -->
              </div> <!-- method -->
              <div class="method">
                <div class="method-content">
                  <a name="loginPageTitleTest">
                  </a> <!-- loginPageTitleTest -->
                  <span class="method-name">loginPageTitleTest</span>
                </div> <!-- method-content -->
              </div> <!-- method -->
              <div class="method">
                <div class="method-content">
                  <a name="loginTest">
                  </a> <!-- loginTest -->
                  <span class="method-name">loginTest</span>
                </div> <!-- method-content -->
              </div> <!-- method -->
            </div> <!-- main-panel-content rounded-window-bottom -->
          </div> <!-- suite-Elliot_Systems_Pvt_Ltd_Application_Test_Automation_Test_Suite-class-passed -->
        </div> <!-- panel Elliot_Systems_Pvt_Ltd_Application_Test_Automation_Test_Suite -->
        <div panel-name="test-xml-Elliot_Systems_Pvt_Ltd_Application_Test_Automation_Test_Suite" class="panel">
          <div class="main-panel-header rounded-window-top">
            <span class="header-content">C:\Users\Saura\eclipse-workspace\FreeEllTest\testng.xml</span>
          </div> <!-- main-panel-header rounded-window-top -->
          <div class="main-panel-content rounded-window-bottom">
            <pre>
&lt;?xml version=&quot;1.0&quot; encoding=&quot;UTF-8&quot;?&gt;
&lt;!DOCTYPE suite SYSTEM &quot;https://testng.org/testng-1.0.dtd&quot;&gt;
&lt;suite name=&quot;Elliot Systems Pvt Ltd Application Test Automation Test Suite&quot; guice-stage=&quot;DEVELOPMENT&quot;&gt;
  &lt;listeners&gt;
    &lt;listener class-name=&quot;com.qa.ExtentReportListner.ExtentReportListner&quot;/&gt;
  &lt;/listeners&gt;
  &lt;test thread-count=&quot;5&quot; name=&quot;Elliot Systems Test&quot;&gt;
    &lt;classes&gt;
      &lt;class name=&quot;com.ell.qa.testcases.HomePageTest&quot;/&gt;
      &lt;class name=&quot;com.ell.qa.testcases.LoginPageTest&quot;/&gt;
      &lt;class name=&quot;com.ell.qa.testcases.SettingsPageTest&quot;/&gt;
    &lt;/classes&gt;
  &lt;/test&gt; &lt;!-- Elliot Systems Test --&gt;
&lt;/suite&gt; &lt;!-- Elliot Systems Pvt Ltd Application Test Automation Test Suite --&gt;
            </pre>
          </div> <!-- main-panel-content rounded-window-bottom -->
        </div> <!-- panel -->
        <div panel-name="testlist-Elliot_Systems_Pvt_Ltd_Application_Test_Automation_Test_Suite" class="panel">
          <div class="main-panel-header rounded-window-top">
            <span class="header-content">Tests for Elliot Systems Pvt Ltd Application Test Automation Test Suite</span>
          </div> <!-- main-panel-header rounded-window-top -->
          <div class="main-panel-content rounded-window-bottom">
            <ul>
              <li>
                <span class="test-name">Elliot Systems Test (3 classes)</span>
              </li>
            </ul>
          </div> <!-- main-panel-content rounded-window-bottom -->
        </div> <!-- panel -->
        <div panel-name="group-Elliot_Systems_Pvt_Ltd_Application_Test_Automation_Test_Suite" class="panel">
          <div class="main-panel-header rounded-window-top">
            <span class="header-content">Groups for Elliot Systems Pvt Ltd Application Test Automation Test Suite</span>
          </div> <!-- main-panel-header rounded-window-top -->
          <div class="main-panel-content rounded-window-bottom">
          </div> <!-- main-panel-content rounded-window-bottom -->
        </div> <!-- panel -->
        <div panel-name="times-Elliot_Systems_Pvt_Ltd_Application_Test_Automation_Test_Suite" class="panel">
          <div class="main-panel-header rounded-window-top">
            <span class="header-content">Times for Elliot Systems Pvt Ltd Application Test Automation Test Suite</span>
          </div> <!-- main-panel-header rounded-window-top -->
          <div class="main-panel-content rounded-window-bottom">
            <div class="times-div">
              <script type="text/javascript">
suiteTableInitFunctions.push('tableData_Elliot_Systems_Pvt_Ltd_Application_Test_Automation_Test_Suite');
function tableData_Elliot_Systems_Pvt_Ltd_Application_Test_Automation_Test_Suite() {
var data = new google.visualization.DataTable();
data.addColumn('number', 'Number');
data.addColumn('string', 'Method');
data.addColumn('string', 'Class');
data.addColumn('number', 'Time (ms)');
data.addRows(13);
data.setCell(0, 0, 0)
data.setCell(0, 1, 'verifyAllDeviceTest')
data.setCell(0, 2, 'com.ell.qa.testcases.HomePageTest')
data.setCell(0, 3, 23932);
data.setCell(1, 0, 1)
data.setCell(1, 1, 'validateNewAddUser')
data.setCell(1, 2, 'com.ell.qa.testcases.SettingsPageTest')
data.setCell(1, 3, 16032);
data.setCell(2, 0, 2)
data.setCell(2, 1, 'verifyEmaPageTest')
data.setCell(2, 2, 'com.ell.qa.testcases.HomePageTest')
data.setCell(2, 3, 9185);
data.setCell(3, 0, 3)
data.setCell(3, 1, 'verifyHistoricalPageTest')
data.setCell(3, 2, 'com.ell.qa.testcases.HomePageTest')
data.setCell(3, 3, 3677);
data.setCell(4, 0, 4)
data.setCell(4, 1, 'loginTest')
data.setCell(4, 2, 'com.ell.qa.testcases.LoginPageTest')
data.setCell(4, 3, 3424);
data.setCell(5, 0, 5)
data.setCell(5, 1, 'verifySettingsPageTest')
data.setCell(5, 2, 'com.ell.qa.testcases.HomePageTest')
data.setCell(5, 3, 3303);
data.setCell(6, 0, 6)
data.setCell(6, 1, 'verifyNotificationPageTest')
data.setCell(6, 2, 'com.ell.qa.testcases.HomePageTest')
data.setCell(6, 3, 3125);
data.setCell(7, 0, 7)
data.setCell(7, 1, 'verifyRealTimePageTest')
data.setCell(7, 2, 'com.ell.qa.testcases.HomePageTest')
data.setCell(7, 3, 3093);
data.setCell(8, 0, 8)
data.setCell(8, 1, 'ellLogoImageTest')
data.setCell(8, 2, 'com.ell.qa.testcases.LoginPageTest')
data.setCell(8, 3, 49);
data.setCell(9, 0, 9)
data.setCell(9, 1, 'loginPageTitleTest')
data.setCell(9, 2, 'com.ell.qa.testcases.LoginPageTest')
data.setCell(9, 3, 33);
data.setCell(10, 0, 10)
data.setCell(10, 1, 'verifyUserNameTest')
data.setCell(10, 2, 'com.ell.qa.testcases.HomePageTest')
data.setCell(10, 3, 30);
data.setCell(11, 0, 11)
data.setCell(11, 1, 'verifyHomePageTitleTest')
data.setCell(11, 2, 'com.ell.qa.testcases.HomePageTest')
data.setCell(11, 3, 24);
data.setCell(12, 0, 12)
data.setCell(12, 1, 'verifySettingsPageTitleTest')
data.setCell(12, 2, 'com.ell.qa.testcases.SettingsPageTest')
data.setCell(12, 3, 11);
window.suiteTableData['Elliot_Systems_Pvt_Ltd_Application_Test_Automation_Test_Suite']= { tableData: data, tableDiv: 'times-div-Elliot_Systems_Pvt_Ltd_Application_Test_Automation_Test_Suite'}
return data;
}
              </script>
              <span class="suite-total-time">Total running time: 1 minutes</span>
              <div id="times-div-Elliot_Systems_Pvt_Ltd_Application_Test_Automation_Test_Suite">
              </div> <!-- times-div-Elliot_Systems_Pvt_Ltd_Application_Test_Automation_Test_Suite -->
            </div> <!-- times-div -->
          </div> <!-- main-panel-content rounded-window-bottom -->
        </div> <!-- panel -->
        <div panel-name="reporter-Elliot_Systems_Pvt_Ltd_Application_Test_Automation_Test_Suite" class="panel">
          <div class="main-panel-header rounded-window-top">
            <span class="header-content">Reporter output for Elliot Systems Pvt Ltd Application Test Automation Test Suite</span>
          </div> <!-- main-panel-header rounded-window-top -->
          <div class="main-panel-content rounded-window-bottom">
          </div> <!-- main-panel-content rounded-window-bottom -->
        </div> <!-- panel -->
        <div panel-name="ignored-methods-Elliot_Systems_Pvt_Ltd_Application_Test_Automation_Test_Suite" class="panel">
          <div class="main-panel-header rounded-window-top">
            <span class="header-content">0 ignored methods</span>
          </div> <!-- main-panel-header rounded-window-top -->
          <div class="main-panel-content rounded-window-bottom">
          </div> <!-- main-panel-content rounded-window-bottom -->
        </div> <!-- panel -->
        <div panel-name="chronological-Elliot_Systems_Pvt_Ltd_Application_Test_Automation_Test_Suite" class="panel">
          <div class="main-panel-header rounded-window-top">
            <span class="header-content">Methods in chronological order</span>
          </div> <!-- main-panel-header rounded-window-top -->
          <div class="main-panel-content rounded-window-bottom">
            <div class="chronological-class">
              <div class="chronological-class-name">com.ell.qa.testcases.HomePageTest</div> <!-- chronological-class-name -->
              <div class="configuration-method before">
                <span class="method-name">setUp</span>
                <span class="method-start">0 ms</span>
              </div> <!-- configuration-method before -->
              <div class="test-method">
                <span class="method-name">verifyHomePageTitleTest</span>
                <span class="method-start">16422 ms</span>
              </div> <!-- test-method -->
              <div class="configuration-method after">
                <span class="method-name">tearDown</span>
                <span class="method-start">16448 ms</span>
              </div> <!-- configuration-method after -->
              <div class="configuration-method before">
                <span class="method-name">setUp</span>
                <span class="method-start">16752 ms</span>
              </div> <!-- configuration-method before -->
              <div class="test-method">
                <span class="method-name">verifyUserNameTest</span>
                <span class="method-start">31318 ms</span>
              </div> <!-- test-method -->
              <div class="configuration-method after">
                <span class="method-name">tearDown</span>
                <span class="method-start">31348 ms</span>
              </div> <!-- configuration-method after -->
              <div class="configuration-method before">
                <span class="method-name">setUp</span>
                <span class="method-start">31630 ms</span>
              </div> <!-- configuration-method before -->
              <div class="test-method">
                <img src="failed.png">
                </img>
                <span class="method-name">verifyEmaPageTest</span>
                <span class="method-start">43359 ms</span>
              </div> <!-- test-method -->
              <div class="configuration-method after">
                <span class="method-name">tearDown</span>
                <span class="method-start">52560 ms</span>
              </div> <!-- configuration-method after -->
              <div class="configuration-method before">
                <span class="method-name">setUp</span>
                <span class="method-start">52763 ms</span>
              </div> <!-- configuration-method before -->
              <div class="test-method">
                <img src="failed.png">
                </img>
                <span class="method-name">verifyAllDeviceTest</span>
                <span class="method-start">68443 ms</span>
              </div> <!-- test-method -->
              <div class="configuration-method after">
                <span class="method-name">tearDown</span>
                <span class="method-start">92390 ms</span>
              </div> <!-- configuration-method after -->
              <div class="configuration-method before">
                <span class="method-name">setUp</span>
                <span class="method-start">92719 ms</span>
              </div> <!-- configuration-method before -->
              <div class="test-method">
                <span class="method-name">verifyRealTimePageTest</span>
                <span class="method-start">107374 ms</span>
              </div> <!-- test-method -->
              <div class="configuration-method after">
                <span class="method-name">tearDown</span>
                <span class="method-start">110467 ms</span>
              </div> <!-- configuration-method after -->
              <div class="configuration-method before">
                <span class="method-name">setUp</span>
                <span class="method-start">110764 ms</span>
              </div> <!-- configuration-method before -->
              <div class="test-method">
                <span class="method-name">verifyHistoricalPageTest</span>
                <span class="method-start">122412 ms</span>
              </div> <!-- test-method -->
              <div class="configuration-method after">
                <span class="method-name">tearDown</span>
                <span class="method-start">126089 ms</span>
              </div> <!-- configuration-method after -->
              <div class="configuration-method before">
                <span class="method-name">setUp</span>
                <span class="method-start">126439 ms</span>
              </div> <!-- configuration-method before -->
              <div class="test-method">
                <span class="method-name">verifyNotificationPageTest</span>
                <span class="method-start">142329 ms</span>
              </div> <!-- test-method -->
              <div class="configuration-method after">
                <span class="method-name">tearDown</span>
                <span class="method-start">145454 ms</span>
              </div> <!-- configuration-method after -->
              <div class="configuration-method before">
                <span class="method-name">setUp</span>
                <span class="method-start">145776 ms</span>
              </div> <!-- configuration-method before -->
              <div class="test-method">
                <span class="method-name">verifySettingsPageTest</span>
                <span class="method-start">171193 ms</span>
              </div> <!-- test-method -->
              <div class="configuration-method after">
                <span class="method-name">tearDown</span>
                <span class="method-start">174496 ms</span>
              </div> <!-- configuration-method after -->
            </div> <!-- chronological-class -->
            <div class="chronological-class">
              <div class="chronological-class-name">com.ell.qa.testcases.LoginPageTest</div> <!-- chronological-class-name -->
              <div class="configuration-method before">
                <span class="method-name">setUp</span>
                <span class="method-start">174793 ms</span>
              </div> <!-- configuration-method before -->
              <div class="test-method">
                <span class="method-name">loginPageTitleTest</span>
                <span class="method-start">187323 ms</span>
              </div> <!-- test-method -->
              <div class="configuration-method after">
                <span class="method-name">tearDown</span>
                <span class="method-start">187357 ms</span>
              </div> <!-- configuration-method after -->
              <div class="configuration-method before">
                <span class="method-name">setUp</span>
                <span class="method-start">187631 ms</span>
              </div> <!-- configuration-method before -->
              <div class="test-method">
                <span class="method-name">ellLogoImageTest</span>
                <span class="method-start">197187 ms</span>
              </div> <!-- test-method -->
              <div class="configuration-method after">
                <span class="method-name">tearDown</span>
                <span class="method-start">197236 ms</span>
              </div> <!-- configuration-method after -->
              <div class="configuration-method before">
                <span class="method-name">setUp</span>
                <span class="method-start">197501 ms</span>
              </div> <!-- configuration-method before -->
              <div class="test-method">
                <span class="method-name">loginTest</span>
                <span class="method-start">202083 ms</span>
              </div> <!-- test-method -->
              <div class="configuration-method after">
                <span class="method-name">tearDown</span>
                <span class="method-start">205507 ms</span>
              </div> <!-- configuration-method after -->
            </div> <!-- chronological-class -->
            <div class="chronological-class">
              <div class="chronological-class-name">com.ell.qa.testcases.SettingsPageTest</div> <!-- chronological-class-name -->
              <div class="configuration-method before">
                <span class="method-name">setUp</span>
                <span class="method-start">205773 ms</span>
              </div> <!-- configuration-method before -->
              <div class="test-method">
                <span class="method-name">verifySettingsPageTitleTest</span>
                <span class="method-start">213871 ms</span>
              </div> <!-- test-method -->
              <div class="configuration-method after">
                <span class="method-name">tearDown</span>
                <span class="method-start">213882 ms</span>
              </div> <!-- configuration-method after -->
              <div class="configuration-method before">
                <span class="method-name">setUp</span>
                <span class="method-start">214195 ms</span>
              </div> <!-- configuration-method before -->
              <div class="test-method">
                <span class="method-name">validateNewAddUser</span>
                <span class="method-start">224028 ms</span>
              </div> <!-- test-method -->
              <div class="configuration-method after">
                <span class="method-name">tearDown</span>
                <span class="method-start">240061 ms</span>
              </div> <!-- configuration-method after -->
          </div> <!-- main-panel-content rounded-window-bottom -->
        </div> <!-- panel -->
      </div> <!-- main-panel-root -->
    </div> <!-- wrapper -->
  </body>
<script type="text/javascript" src="testng-reports2.js"></script>
</html>
