<?xml version="1.0" encoding="UTF-8"?>
<testng-results ignored="0" total="13" passed="11" failed="2" skipped="0">
  <reporter-output>
  </reporter-output>
  <suite started-at="2024-10-23T20:48:02 IST" name="Elliot Systems Pvt Ltd Application Test Automation Test Suite" finished-at="2024-10-23T20:52:02 IST" duration-ms="240422">
    <groups>
    </groups>
    <test started-at="2024-10-23T20:48:02 IST" name="Elliot Systems Test" finished-at="2024-10-23T20:52:02 IST" duration-ms="240422">
      <class name="com.ell.qa.testcases.HomePageTest">
        <test-method is-config="true" signature="setUp()[pri:0, instance:com.ell.qa.testcases.HomePageTest@52f27fbd]" started-at="2024-10-23T20:48:02 IST" name="setUp" finished-at="2024-10-23T20:48:18 IST" duration-ms="16422" status="PASS">
          <reporter-output>
          </reporter-output>
        </test-method> <!-- setUp -->
        <test-method signature="verifyHomePageTitleTest()[pri:1, instance:com.ell.qa.testcases.HomePageTest@52f27fbd]" started-at="2024-10-23T20:48:18 IST" name="verifyHomePageTitleTest" finished-at="2024-10-23T20:48:18 IST" duration-ms="24" status="PASS">
          <reporter-output>
          </reporter-output>
        </test-method> <!-- verifyHomePageTitleTest -->
        <test-method is-config="true" signature="tearDown()[pri:0, instance:com.ell.qa.testcases.HomePageTest@52f27fbd]" started-at="2024-10-23T20:48:18 IST" name="tearDown" finished-at="2024-10-23T20:48:18 IST" duration-ms="304" status="PASS">
          <reporter-output>
          </reporter-output>
        </test-method> <!-- tearDown -->
        <test-method is-config="true" signature="setUp()[pri:0, instance:com.ell.qa.testcases.HomePageTest@52f27fbd]" started-at="2024-10-23T20:48:18 IST" name="setUp" finished-at="2024-10-23T20:48:33 IST" duration-ms="14566" status="PASS">
          <reporter-output>
          </reporter-output>
        </test-method> <!-- setUp -->
        <test-method signature="verifyUserNameTest()[pri:2, instance:com.ell.qa.testcases.HomePageTest@52f27fbd]" started-at="2024-10-23T20:48:33 IST" name="verifyUserNameTest" finished-at="2024-10-23T20:48:33 IST" duration-ms="30" status="PASS">
          <reporter-output>
          </reporter-output>
        </test-method> <!-- verifyUserNameTest -->
        <test-method is-config="true" signature="tearDown()[pri:0, instance:com.ell.qa.testcases.HomePageTest@52f27fbd]" started-at="2024-10-23T20:48:33 IST" name="tearDown" finished-at="2024-10-23T20:48:33 IST" duration-ms="282" status="PASS">
          <reporter-output>
          </reporter-output>
        </test-method> <!-- tearDown -->
        <test-method is-config="true" signature="setUp()[pri:0, instance:com.ell.qa.testcases.HomePageTest@52f27fbd]" started-at="2024-10-23T20:48:33 IST" name="setUp" finished-at="2024-10-23T20:48:45 IST" duration-ms="11729" status="PASS">
          <reporter-output>
          </reporter-output>
        </test-method> <!-- setUp -->
        <test-method signature="verifyEmaPageTest()[pri:3, instance:com.ell.qa.testcases.HomePageTest@52f27fbd]" started-at="2024-10-23T20:48:45 IST" name="verifyEmaPageTest" finished-at="2024-10-23T20:48:54 IST" duration-ms="9185" status="FAIL">
          <exception class="org.openqa.selenium.NoSuchElementException">
            <message>
              <![CDATA[Unable to find element with locator By.cssSelector: div[id=':r1l:']
For documentation on this error, please visit: https://www.selenium.dev/documentation/webdriver/troubleshooting/errors#no-such-element-exception
Build info: version: '4.24.0', revision: '748ffc9bc3'
System info: os.name: 'Windows 11', os.arch: 'amd64', os.version: '10.0', java.version: '17.0.2'
Driver info: driver.version: RemoteWebDriver]]>
            </message>
            <full-stacktrace>
              <![CDATA[org.openqa.selenium.NoSuchElementException: Unable to find element with locator By.cssSelector: div[id=':r1l:']
For documentation on this error, please visit: https://www.selenium.dev/documentation/webdriver/troubleshooting/errors#no-such-element-exception
Build info: version: '4.24.0', revision: '748ffc9bc3'
System info: os.name: 'Windows 11', os.arch: 'amd64', os.version: '10.0', java.version: '17.0.2'
Driver info: driver.version: RemoteWebDriver
at org.openqa.selenium.remote.ElementLocation$ElementFinder$2.findElement(ElementLocation.java:168)
at org.openqa.selenium.remote.ElementLocation.findElement(ElementLocation.java:59)
at org.openqa.selenium.remote.RemoteWebDriver.findElement(RemoteWebDriver.java:368)
at org.openqa.selenium.remote.RemoteWebDriver.findElement(RemoteWebDriver.java:362)
at com.ell.qa.pages.HomePage.clickOnEmaPage(HomePage.java:59)
at com.ell.qa.testcases.HomePageTest.verifyEmaPageTest(HomePageTest.java:63)
at java.base/jdk.internal.reflect.NativeMethodAccessorImpl.invoke0(Native Method)
at java.base/jdk.internal.reflect.NativeMethodAccessorImpl.invoke(NativeMethodAccessorImpl.java:77)
at java.base/jdk.internal.reflect.DelegatingMethodAccessorImpl.invoke(DelegatingMethodAccessorImpl.java:43)
at java.base/java.lang.reflect.Method.invoke(Method.java:568)
at org.testng.internal.invokers.MethodInvocationHelper.invokeMethod(MethodInvocationHelper.java:141)
at org.testng.internal.invokers.TestInvoker.invokeMethod(TestInvoker.java:686)
at org.testng.internal.invokers.TestInvoker.invokeTestMethod(TestInvoker.java:230)
at org.testng.internal.invokers.MethodRunner.runInSequence(MethodRunner.java:63)
at org.testng.internal.invokers.TestInvoker$MethodInvocationAgent.invoke(TestInvoker.java:992)
at org.testng.internal.invokers.TestInvoker.invokeTestMethods(TestInvoker.java:203)
at org.testng.internal.invokers.TestMethodWorker.invokeTestMethods(TestMethodWorker.java:154)
at org.testng.internal.invokers.TestMethodWorker.run(TestMethodWorker.java:134)
at java.base/java.util.ArrayList.forEach(ArrayList.java:1511)
at org.testng.TestRunner.privateRun(TestRunner.java:739)
at org.testng.TestRunner.run(TestRunner.java:614)
at org.testng.SuiteRunner.runTest(SuiteRunner.java:421)
at org.testng.SuiteRunner.runSequentially(SuiteRunner.java:413)
at org.testng.SuiteRunner.privateRun(SuiteRunner.java:373)
at org.testng.SuiteRunner.run(SuiteRunner.java:312)
at org.testng.SuiteRunnerWorker.runSuite(SuiteRunnerWorker.java:52)
at org.testng.SuiteRunnerWorker.run(SuiteRunnerWorker.java:95)
at org.testng.TestNG.runSuitesSequentially(TestNG.java:1274)
at org.testng.TestNG.runSuitesLocally(TestNG.java:1208)
at org.testng.TestNG.runSuites(TestNG.java:1112)
at org.testng.TestNG.run(TestNG.java:1079)
at org.testng.remote.AbstractRemoteTestNG.run(AbstractRemoteTestNG.java:115)
at org.testng.remote.RemoteTestNG.initAndRun(RemoteTestNG.java:293)
at org.testng.remote.RemoteTestNG.main(RemoteTestNG.java:91)
]]>
            </full-stacktrace>
          </exception> <!-- org.openqa.selenium.NoSuchElementException -->
          <reporter-output>
          </reporter-output>
        </test-method> <!-- verifyEmaPageTest -->
        <test-method is-config="true" signature="tearDown()[pri:0, instance:com.ell.qa.testcases.HomePageTest@52f27fbd]" started-at="2024-10-23T20:48:54 IST" name="tearDown" finished-at="2024-10-23T20:48:55 IST" duration-ms="203" status="PASS">
          <reporter-output>
          </reporter-output>
        </test-method> <!-- tearDown -->
        <test-method is-config="true" signature="setUp()[pri:0, instance:com.ell.qa.testcases.HomePageTest@52f27fbd]" started-at="2024-10-23T20:48:55 IST" name="setUp" finished-at="2024-10-23T20:49:10 IST" duration-ms="15680" status="PASS">
          <reporter-output>
          </reporter-output>
        </test-method> <!-- setUp -->
        <test-method signature="verifyAllDeviceTest()[pri:4, instance:com.ell.qa.testcases.HomePageTest@52f27fbd]" started-at="2024-10-23T20:49:10 IST" name="verifyAllDeviceTest" finished-at="2024-10-23T20:49:34 IST" duration-ms="23932" status="FAIL">
          <exception class="org.openqa.selenium.NoSuchElementException">
            <message>
              <![CDATA[Unable to find element with locator By.xpath: //li[normalize-space()='All Devices']
For documentation on this error, please visit: https://www.selenium.dev/documentation/webdriver/troubleshooting/errors#no-such-element-exception
Build info: version: '4.24.0', revision: '748ffc9bc3'
System info: os.name: 'Windows 11', os.arch: 'amd64', os.version: '10.0', java.version: '17.0.2'
Driver info: driver.version: RemoteWebDriver]]>
            </message>
            <full-stacktrace>
              <![CDATA[org.openqa.selenium.NoSuchElementException: Unable to find element with locator By.xpath: //li[normalize-space()='All Devices']
For documentation on this error, please visit: https://www.selenium.dev/documentation/webdriver/troubleshooting/errors#no-such-element-exception
Build info: version: '4.24.0', revision: '748ffc9bc3'
System info: os.name: 'Windows 11', os.arch: 'amd64', os.version: '10.0', java.version: '17.0.2'
Driver info: driver.version: RemoteWebDriver
at org.openqa.selenium.remote.ElementLocation$ElementFinder$2.findElement(ElementLocation.java:168)
at org.openqa.selenium.remote.ElementLocation.findElement(ElementLocation.java:59)
at org.openqa.selenium.remote.RemoteWebDriver.findElement(RemoteWebDriver.java:368)
at org.openqa.selenium.remote.RemoteWebDriver.findElement(RemoteWebDriver.java:362)
at org.openqa.selenium.support.pagefactory.DefaultElementLocator.findElement(DefaultElementLocator.java:68)
at org.openqa.selenium.support.pagefactory.internal.LocatingElementHandler.invoke(LocatingElementHandler.java:38)
at jdk.proxy2/jdk.proxy2.$Proxy13.click(Unknown Source)
at com.ell.qa.pages.HomePage.clickOnAllDevices(HomePage.java:70)
at com.ell.qa.testcases.HomePageTest.verifyAllDeviceTest(HomePageTest.java:68)
at java.base/jdk.internal.reflect.NativeMethodAccessorImpl.invoke0(Native Method)
at java.base/jdk.internal.reflect.NativeMethodAccessorImpl.invoke(NativeMethodAccessorImpl.java:77)
at java.base/jdk.internal.reflect.DelegatingMethodAccessorImpl.invoke(DelegatingMethodAccessorImpl.java:43)
at java.base/java.lang.reflect.Method.invoke(Method.java:568)
at org.testng.internal.invokers.MethodInvocationHelper.invokeMethod(MethodInvocationHelper.java:141)
at org.testng.internal.invokers.TestInvoker.invokeMethod(TestInvoker.java:686)
at org.testng.internal.invokers.TestInvoker.invokeTestMethod(TestInvoker.java:230)
at org.testng.internal.invokers.MethodRunner.runInSequence(MethodRunner.java:63)
at org.testng.internal.invokers.TestInvoker$MethodInvocationAgent.invoke(TestInvoker.java:992)
at org.testng.internal.invokers.TestInvoker.invokeTestMethods(TestInvoker.java:203)
at org.testng.internal.invokers.TestMethodWorker.invokeTestMethods(TestMethodWorker.java:154)
at org.testng.internal.invokers.TestMethodWorker.run(TestMethodWorker.java:134)
at java.base/java.util.ArrayList.forEach(ArrayList.java:1511)
at org.testng.TestRunner.privateRun(TestRunner.java:739)
at org.testng.TestRunner.run(TestRunner.java:614)
at org.testng.SuiteRunner.runTest(SuiteRunner.java:421)
at org.testng.SuiteRunner.runSequentially(SuiteRunner.java:413)
at org.testng.SuiteRunner.privateRun(SuiteRunner.java:373)
at org.testng.SuiteRunner.run(SuiteRunner.java:312)
at org.testng.SuiteRunnerWorker.runSuite(SuiteRunnerWorker.java:52)
at org.testng.SuiteRunnerWorker.run(SuiteRunnerWorker.java:95)
at org.testng.TestNG.runSuitesSequentially(TestNG.java:1274)
at org.testng.TestNG.runSuitesLocally(TestNG.java:1208)
at org.testng.TestNG.runSuites(TestNG.java:1112)
at org.testng.TestNG.run(TestNG.java:1079)
at org.testng.remote.AbstractRemoteTestNG.run(AbstractRemoteTestNG.java:115)
at org.testng.remote.RemoteTestNG.initAndRun(RemoteTestNG.java:293)
at org.testng.remote.RemoteTestNG.main(RemoteTestNG.java:91)
]]>
            </full-stacktrace>
          </exception> <!-- org.openqa.selenium.NoSuchElementException -->
          <reporter-output>
          </reporter-output>
        </test-method> <!-- verifyAllDeviceTest -->
        <test-method is-config="true" signature="tearDown()[pri:0, instance:com.ell.qa.testcases.HomePageTest@52f27fbd]" started-at="2024-10-23T20:49:34 IST" name="tearDown" finished-at="2024-10-23T20:49:34 IST" duration-ms="329" status="PASS">
          <reporter-output>
          </reporter-output>
        </test-method> <!-- tearDown -->
        <test-method is-config="true" signature="setUp()[pri:0, instance:com.ell.qa.testcases.HomePageTest@52f27fbd]" started-at="2024-10-23T20:49:34 IST" name="setUp" finished-at="2024-10-23T20:49:49 IST" duration-ms="14655" status="PASS">
          <reporter-output>
          </reporter-output>
        </test-method> <!-- setUp -->
        <test-method signature="verifyRealTimePageTest()[pri:5, instance:com.ell.qa.testcases.HomePageTest@52f27fbd]" started-at="2024-10-23T20:49:49 IST" name="verifyRealTimePageTest" finished-at="2024-10-23T20:49:52 IST" duration-ms="3093" status="PASS">
          <reporter-output>
          </reporter-output>
        </test-method> <!-- verifyRealTimePageTest -->
        <test-method is-config="true" signature="tearDown()[pri:0, instance:com.ell.qa.testcases.HomePageTest@52f27fbd]" started-at="2024-10-23T20:49:52 IST" name="tearDown" finished-at="2024-10-23T20:49:53 IST" duration-ms="297" status="PASS">
          <reporter-output>
          </reporter-output>
        </test-method> <!-- tearDown -->
        <test-method is-config="true" signature="setUp()[pri:0, instance:com.ell.qa.testcases.HomePageTest@52f27fbd]" started-at="2024-10-23T20:49:53 IST" name="setUp" finished-at="2024-10-23T20:50:04 IST" duration-ms="11648" status="PASS">
          <reporter-output>
          </reporter-output>
        </test-method> <!-- setUp -->
        <test-method signature="verifyHistoricalPageTest()[pri:6, instance:com.ell.qa.testcases.HomePageTest@52f27fbd]" started-at="2024-10-23T20:50:04 IST" name="verifyHistoricalPageTest" finished-at="2024-10-23T20:50:08 IST" duration-ms="3677" status="PASS">
          <reporter-output>
          </reporter-output>
        </test-method> <!-- verifyHistoricalPageTest -->
        <test-method is-config="true" signature="tearDown()[pri:0, instance:com.ell.qa.testcases.HomePageTest@52f27fbd]" started-at="2024-10-23T20:50:08 IST" name="tearDown" finished-at="2024-10-23T20:50:08 IST" duration-ms="350" status="PASS">
          <reporter-output>
          </reporter-output>
        </test-method> <!-- tearDown -->
        <test-method is-config="true" signature="setUp()[pri:0, instance:com.ell.qa.testcases.HomePageTest@52f27fbd]" started-at="2024-10-23T20:50:08 IST" name="setUp" finished-at="2024-10-23T20:50:24 IST" duration-ms="15890" status="PASS">
          <reporter-output>
          </reporter-output>
        </test-method> <!-- setUp -->
        <test-method signature="verifyNotificationPageTest()[pri:7, instance:com.ell.qa.testcases.HomePageTest@52f27fbd]" started-at="2024-10-23T20:50:24 IST" name="verifyNotificationPageTest" finished-at="2024-10-23T20:50:27 IST" duration-ms="3125" status="PASS">
          <reporter-output>
          </reporter-output>
        </test-method> <!-- verifyNotificationPageTest -->
        <test-method is-config="true" signature="tearDown()[pri:0, instance:com.ell.qa.testcases.HomePageTest@52f27fbd]" started-at="2024-10-23T20:50:27 IST" name="tearDown" finished-at="2024-10-23T20:50:28 IST" duration-ms="322" status="PASS">
          <reporter-output>
          </reporter-output>
        </test-method> <!-- tearDown -->
        <test-method is-config="true" signature="setUp()[pri:0, instance:com.ell.qa.testcases.HomePageTest@52f27fbd]" started-at="2024-10-23T20:50:28 IST" name="setUp" finished-at="2024-10-23T20:50:53 IST" duration-ms="25417" status="PASS">
          <reporter-output>
          </reporter-output>
        </test-method> <!-- setUp -->
        <test-method signature="verifySettingsPageTest()[pri:8, instance:com.ell.qa.testcases.HomePageTest@52f27fbd]" started-at="2024-10-23T20:50:53 IST" name="verifySettingsPageTest" finished-at="2024-10-23T20:50:56 IST" duration-ms="3303" status="PASS">
          <reporter-output>
          </reporter-output>
        </test-method> <!-- verifySettingsPageTest -->
        <test-method is-config="true" signature="tearDown()[pri:0, instance:com.ell.qa.testcases.HomePageTest@52f27fbd]" started-at="2024-10-23T20:50:56 IST" name="tearDown" finished-at="2024-10-23T20:50:57 IST" duration-ms="297" status="PASS">
          <reporter-output>
          </reporter-output>
        </test-method> <!-- tearDown -->
      </class> <!-- com.ell.qa.testcases.HomePageTest -->
      <class name="com.ell.qa.testcases.SettingsPageTest">
        <test-method is-config="true" signature="setUp()[pri:0, instance:com.ell.qa.testcases.SettingsPageTest@33ecda92]" started-at="2024-10-23T20:51:28 IST" name="setUp" finished-at="2024-10-23T20:51:36 IST" duration-ms="8098" status="PASS">
          <reporter-output>
          </reporter-output>
        </test-method> <!-- setUp -->
        <test-method signature="verifySettingsPageTitleTest()[pri:1, instance:com.ell.qa.testcases.SettingsPageTest@33ecda92]" started-at="2024-10-23T20:51:36 IST" name="verifySettingsPageTitleTest" finished-at="2024-10-23T20:51:36 IST" duration-ms="11" status="PASS">
          <reporter-output>
          </reporter-output>
        </test-method> <!-- verifySettingsPageTitleTest -->
        <test-method is-config="true" signature="tearDown()[pri:0, instance:com.ell.qa.testcases.SettingsPageTest@33ecda92]" started-at="2024-10-23T20:51:36 IST" name="tearDown" finished-at="2024-10-23T20:51:36 IST" duration-ms="313" status="PASS">
          <reporter-output>
          </reporter-output>
        </test-method> <!-- tearDown -->
        <test-method is-config="true" signature="setUp()[pri:0, instance:com.ell.qa.testcases.SettingsPageTest@33ecda92]" started-at="2024-10-23T20:51:36 IST" name="setUp" finished-at="2024-10-23T20:51:46 IST" duration-ms="9833" status="PASS">
          <reporter-output>
          </reporter-output>
        </test-method> <!-- setUp -->
        <test-method signature="validateNewAddUser()[pri:2, instance:com.ell.qa.testcases.SettingsPageTest@33ecda92]" started-at="2024-10-23T20:51:46 IST" name="validateNewAddUser" finished-at="2024-10-23T20:52:02 IST" duration-ms="16032" status="PASS">
          <reporter-output>
          </reporter-output>
        </test-method> <!-- validateNewAddUser -->
        <test-method is-config="true" signature="tearDown()[pri:0, instance:com.ell.qa.testcases.SettingsPageTest@33ecda92]" started-at="2024-10-23T20:52:02 IST" name="tearDown" finished-at="2024-10-23T20:52:02 IST" duration-ms="302" status="PASS">
          <reporter-output>
          </reporter-output>
        </test-method> <!-- tearDown -->
      </class> <!-- com.ell.qa.testcases.SettingsPageTest -->
      <class name="com.ell.qa.testcases.LoginPageTest">
        <test-method is-config="true" signature="setUp()[pri:0, instance:com.ell.qa.testcases.LoginPageTest@15888343]" started-at="2024-10-23T20:50:57 IST" name="setUp" finished-at="2024-10-23T20:51:09 IST" duration-ms="12530" status="PASS">
          <reporter-output>
          </reporter-output>
        </test-method> <!-- setUp -->
        <test-method signature="loginPageTitleTest()[pri:1, instance:com.ell.qa.testcases.LoginPageTest@15888343]" started-at="2024-10-23T20:51:09 IST" name="loginPageTitleTest" finished-at="2024-10-23T20:51:09 IST" duration-ms="33" status="PASS">
          <reporter-output>
          </reporter-output>
        </test-method> <!-- loginPageTitleTest -->
        <test-method is-config="true" signature="tearDown()[pri:0, instance:com.ell.qa.testcases.LoginPageTest@15888343]" started-at="2024-10-23T20:51:09 IST" name="tearDown" finished-at="2024-10-23T20:51:09 IST" duration-ms="274" status="PASS">
          <reporter-output>
          </reporter-output>
        </test-method> <!-- tearDown -->
        <test-method is-config="true" signature="setUp()[pri:0, instance:com.ell.qa.testcases.LoginPageTest@15888343]" started-at="2024-10-23T20:51:09 IST" name="setUp" finished-at="2024-10-23T20:51:19 IST" duration-ms="9556" status="PASS">
          <reporter-output>
          </reporter-output>
        </test-method> <!-- setUp -->
        <test-method signature="ellLogoImageTest()[pri:2, instance:com.ell.qa.testcases.LoginPageTest@15888343]" started-at="2024-10-23T20:51:19 IST" name="ellLogoImageTest" finished-at="2024-10-23T20:51:19 IST" duration-ms="49" status="PASS">
          <reporter-output>
          </reporter-output>
        </test-method> <!-- ellLogoImageTest -->
        <test-method is-config="true" signature="tearDown()[pri:0, instance:com.ell.qa.testcases.LoginPageTest@15888343]" started-at="2024-10-23T20:51:19 IST" name="tearDown" finished-at="2024-10-23T20:51:19 IST" duration-ms="265" status="PASS">
          <reporter-output>
          </reporter-output>
        </test-method> <!-- tearDown -->
        <test-method is-config="true" signature="setUp()[pri:0, instance:com.ell.qa.testcases.LoginPageTest@15888343]" started-at="2024-10-23T20:51:19 IST" name="setUp" finished-at="2024-10-23T20:51:24 IST" duration-ms="4582" status="PASS">
          <reporter-output>
          </reporter-output>
        </test-method> <!-- setUp -->
        <test-method signature="loginTest()[pri:3, instance:com.ell.qa.testcases.LoginPageTest@15888343]" started-at="2024-10-23T20:51:24 IST" name="loginTest" finished-at="2024-10-23T20:51:27 IST" duration-ms="3424" status="PASS">
          <reporter-output>
          </reporter-output>
        </test-method> <!-- loginTest -->
        <test-method is-config="true" signature="tearDown()[pri:0, instance:com.ell.qa.testcases.LoginPageTest@15888343]" started-at="2024-10-23T20:51:27 IST" name="tearDown" finished-at="2024-10-23T20:51:28 IST" duration-ms="266" status="PASS">
          <reporter-output>
          </reporter-output>
        </test-method> <!-- tearDown -->
      </class> <!-- com.ell.qa.testcases.LoginPageTest -->
    </test> <!-- Elliot Systems Test -->
  </suite> <!-- Elliot Systems Pvt Ltd Application Test Automation Test Suite -->
</testng-results>
